<?xml version="1.0" encoding="utf-8" standalone="no"?>
<!--This file represents the results of running a test suite-->
<test-results name="C:\Users\alex.nguyen\Documents\Visual Studio 2013\Projects\TP_Pricer\TP_PricerTest\bin\Debug\TP_PricerTest.dll" total="5" errors="0" failures="0" not-run="0" inconclusive="0" ignored="0" skipped="0" invalid="0" date="2015-06-02" time="17:49:45">
  <environment nunit-version="2.6.4.14350" clr-version="2.0.50727.5485" os-version="Microsoft Windows NT 6.1.7601 Service Pack 1" platform="Win32NT" cwd="C:\Users\alex.nguyen\Documents\Visual Studio 2013\Projects\TP_Pricer\TP_PricerTest\bin\Debug" machine-name="PC0014" user="alex.nguyen" user-domain="ACENSI" />
  <culture-info current-culture="fr-FR" current-uiculture="fr-FR" />
  <test-suite type="Assembly" name="C:\Users\alex.nguyen\Documents\Visual Studio 2013\Projects\TP_Pricer\TP_PricerTest\bin\Debug\TP_PricerTest.dll" executed="True" result="Success" success="True" time="1.329" asserts="0">
    <results>
      <test-suite type="Namespace" name="TP_PricerTest" executed="True" result="Success" success="True" time="1.314" asserts="0">
        <results>
          <test-suite type="TestFixture" name="RepoTest" executed="True" result="Success" success="True" time="1.312" asserts="0">
            <results>
              <test-case name="TP_PricerTest.RepoTest.__" executed="True" result="Success" success="True" time="0.391" asserts="1" />
              <test-case name="TP_PricerTest.RepoTest.Load_CSV_Into_Datatable_Got_Right_Column" executed="True" result="Success" success="True" time="0.348" asserts="1" />
              <test-case name="TP_PricerTest.RepoTest.Load_CSV_Into_Datatable_Got_Right_Date" executed="True" result="Success" success="True" time="0.263" asserts="1" />
              <test-case name="TP_PricerTest.RepoTest.Load_CSV_Into_Datatable_Got_Right_Value_At_Date_And_Periodicity" executed="True" result="Success" success="True" time="0.278" asserts="1" />
              <test-case name="TP_PricerTest.RepoTest.testbidon" executed="True" result="Success" success="True" time="0.000" asserts="1" />
            </results>
          </test-suite>
        </results>
      </test-suite>
    </results>
  </test-suite>
</test-results>